# JRE version: OpenJDK Runtime Environment AdoptOpenJDK-11.0.11+9 (11.0.11+9) (build 11.0.11+9)
# Java VM: OpenJDK 64-Bit Server VM AdoptOpenJDK-11.0.11+9 (11.0.11+9, mixed mode, tiered, compressed oops, g1 gc, linux-amd64)
Heap:
 garbage-first heap   total 323584K, used 66652K [0x000000070ac00000, 0x0000000800000000)
  region size 1024K, 58 young (59392K), 15 survivors (15360K)
 Metaspace       used 59607K, capacity 60319K, committed 60932K, reserved 1103872K
  class space    used 7005K, capacity 7286K, committed 7296K, reserved 1048576K
GC Heap History (13 events):
Event: 0.526 GC heap before
{Heap before GC invocations=0 (full 0):
 garbage-first heap   total 251904K, used 25600K [0x000000070ac00000, 0x0000000800000000)
  region size 1024K, 24 young (24576K), 0 survivors (0K)
 Metaspace       used 13867K, capacity 14092K, committed 14464K, reserved 1062912K
  class space    used 1239K, capacity 1316K, committed 1408K, reserved 1048576K
}
Event: 0.528 GC heap after
{Heap after GC invocations=1 (full 0):
 garbage-first heap   total 251904K, used 5903K [0x000000070ac00000, 0x0000000800000000)
  region size 1024K, 3 young (3072K), 3 survivors (3072K)
 Metaspace       used 13867K, capacity 14092K, committed 14464K, reserved 1062912K
  class space    used 1239K, capacity 1316K, committed 1408K, reserved 1048576K
}
Event: 0.843 GC heap before
{Heap before GC invocations=1 (full 0):
 garbage-first heap   total 251904K, used 57103K [0x000000070ac00000, 0x0000000800000000)
  region size 1024K, 55 young (56320K), 3 survivors (3072K)
 Metaspace       used 20769K, capacity 21072K, committed 21296K, reserved 1069056K
  class space    used 2003K, capacity 2159K, committed 2176K, reserved 1048576K
}
Event: 0.857 GC heap after
{Heap after GC invocations=2 (full 0):
 garbage-first heap   total 251904K, used 7951K [0x000000070ac00000, 0x0000000800000000)
  region size 1024K, 5 young (5120K), 5 survivors (5120K)
 Metaspace       used 20769K, capacity 21072K, committed 21296K, reserved 1069056K
  class space    used 2003K, capacity 2159K, committed 2176K, reserved 1048576K
}
Event: 1.938 GC heap before
{Heap before GC invocations=3 (full 0):
 garbage-first heap   total 251904K, used 69391K [0x000000070ac00000, 0x0000000800000000)
  region size 1024K, 64 young (65536K), 5 survivors (5120K)
 Metaspace       used 34740K, capacity 35161K, committed 35888K, reserved 1081344K
  class space    used 4032K, capacity 4163K, committed 4224K, reserved 1048576K
}
Event: 1.952 GC heap after
{Heap after GC invocations=4 (full 0):
 garbage-first heap   total 251904K, used 13423K [0x000000070ac00000, 0x0000000800000000)
  region size 1024K, 6 young (6144K), 6 survivors (6144K)
 Metaspace       used 34740K, capacity 35161K, committed 35888K, reserved 1081344K
  class space    used 4032K, capacity 4163K, committed 4224K, reserved 1048576K
}
Event: 1.978 GC heap before
{Heap before GC invocations=4 (full 0):
 garbage-first heap   total 251904K, used 14447K [0x000000070ac00000, 0x0000000800000000)
  region size 1024K, 8 young (8192K), 6 survivors (6144K)
 Metaspace       used 34962K, capacity 35355K, committed 35888K, reserved 1081344K
  class space    used 4069K, capacity 4202K, committed 4224K, reserved 1048576K
}
Event: 1.988 GC heap after
{Heap after GC invocations=5 (full 0):
 garbage-first heap   total 251904K, used 13494K [0x000000070ac00000, 0x0000000800000000)
  region size 1024K, 6 young (6144K), 6 survivors (6144K)
 Metaspace       used 34962K, capacity 35355K, committed 35888K, reserved 1081344K
  class space    used 4069K, capacity 4202K, committed 4224K, reserved 1048576K
}
Event: 3.299 GC heap before
{Heap before GC invocations=6 (full 0):
 garbage-first heap   total 251904K, used 97462K [0x000000070ac00000, 0x0000000800000000)
  region size 1024K, 88 young (90112K), 6 survivors (6144K)
 Metaspace       used 48950K, capacity 49515K, committed 50332K, reserved 1093632K
  class space    used 5922K, capacity 6115K, committed 6144K, reserved 1048576K
}
Event: 3.311 GC heap after
{Heap after GC invocations=7 (full 0):
 garbage-first heap   total 251904K, used 16347K [0x000000070ac00000, 0x0000000800000000)
  region size 1024K, 9 young (9216K), 9 survivors (9216K)
 Metaspace       used 48950K, capacity 49515K, committed 50332K, reserved 1093632K
  class space    used 5922K, capacity 6115K, committed 6144K, reserved 1048576K
}
Event: 254.217 GC heap before
{Heap before GC invocations=7 (full 0):
 garbage-first heap   total 251904K, used 108507K [0x000000070ac00000, 0x0000000800000000)
  region size 1024K, 100 young (102400K), 9 survivors (9216K)
 Metaspace       used 59083K, capacity 59839K, committed 60420K, reserved 1101824K
  class space    used 6974K, capacity 7279K, committed 7296K, reserved 1048576K
}
Event: 254.228 GC heap after
{Heap after GC invocations=8 (full 0):
 garbage-first heap   total 323584K, used 22752K [0x000000070ac00000, 0x0000000800000000)
  region size 1024K, 15 young (15360K), 15 survivors (15360K)
 Metaspace       used 59083K, capacity 59839K, committed 60420K, reserved 1101824K
  class space    used 6974K, capacity 7279K, committed 7296K, reserved 1048576K
}
Event: 5199.778 GC heap before
{Heap before GC invocations=9 (full 0):
 garbage-first heap   total 323584K, used 65760K [0x000000070ac00000, 0x0000000800000000)
  region size 1024K, 58 young (59392K), 15 survivors (15360K)
 Metaspace       used 59607K, capacity 60319K, committed 60932K, reserved 1103872K
  class space    used 7005K, capacity 7286K, committed 7296K, reserved 1048576K
}

